<?xml version="1.0" encoding="UTF-8"?>
<!-- Generated by org.testng.reporters.JUnitReportReporter -->
<testsuite skipped="0" hostname="LAPTOP-AQDKG207" name="com.honey.test.FirstTestNGExample" tests="1" failures="0" timestamp="07 Mar 2020 03:12:32 GMT" time="0.016" errors="0">
  <testcase name="testApplication" time="0.016" classname="com.honey.test.FirstTestNGExample"/>
</testsuite> <!-- com.honey.test.FirstTestNGExample -->
